polybar|notice:  Parsing config file: /home/choge/.config/polybar/config.ini
polybar|notice:  Listening for IPC messages (PID: 33066)
polybar|warn:  No monitor specified, using "HDMI-2"
polybar|notice:  Loading module 'xworkspaces' of type 'internal/xworkspaces'
polybar|notice:  Loading module 'now-playing' of type 'custom/script'
polybar|notice:  Loading module 'xwindow' of type 'internal/xwindow'
polybar|notice:  Loading module 'filesystem' of type 'internal/fs'
polybar|notice:  Loading module 'pulseaudio' of type 'internal/pulseaudio'
polybar|notice:  pulseaudio: using default sink alsa_output.usb-C-Media_Electronics_Inc._USB_Audio_Device-00.analog-stereo
polybar|notice:  Loading module 'xkeyboard' of type 'internal/xkeyboard'
polybar|notice:  Loading module 'memory' of type 'internal/memory'
polybar|notice:  Loading module 'cpu' of type 'internal/cpu'
polybar|notice:  Loading module 'wlan' of type 'internal/network'
polybar|notice:  module/wlan: Discovered wireless interface wlan0
polybar|notice:  Loading module 'eth' of type 'internal/network'
polybar|notice:  module/eth: Discovered wired interface eno1
polybar|notice:  Loading module 'date' of type 'internal/date'
polybar|notice:  Loaded 11 modules
polybar|notice:  Loaded font "Noto Sans CJK JP:size=10:antialias=true" (name=Noto Sans CJK JP, offset=2, file=/usr/share/fonts/noto-cjk/NotoSansCJK-Regular.ttc)
polybar|notice:  Loaded font "Symbols Nerd Font:size=10:antialias=true" (name=Symbols Nerd Font, offset=0, file=/usr/share/fonts/TTF/Symbols-1000-em Nerd Font Complete.ttf)
